<?xml version="1.0" encoding="UTF-8"?>
<!-- Generated by org.testng.reporters.JUnitXMLReporter -->
<testsuite ignored="4" hostname="DeepakV_DSG" failures="1" tests="1" name="Default test(failed)" time="0.038" errors="0" timestamp="2022-10-18T10:06:46 IST">
  <testcase classname="callcenter.AdditioanlInfoRequirement" name="stage4" time="0.011">
    <failure type="java.lang.NullPointerException" message="Cannot invoke &amp;quot;org.openqa.selenium.WebDriver.findElement(org.openqa.selenium.By)&amp;quot; because &amp;quot;this.driver&amp;quot; is null">
      <![CDATA[java.lang.NullPointerException: Cannot invoke "org.openqa.selenium.WebDriver.findElement(org.openqa.selenium.By)" because "this.driver" is null
at callcenter.AdditioanlInfoRequirement.stage4(AdditioanlInfoRequirement.java:441)
at java.base/java.util.ArrayList.forEach(ArrayList.java:1511)
... Removed 25 stack frames]]>
    </failure>
  </testcase> <!-- stage4 -->
  <testcase classname="callcenter.AdditioanlInfoRequirement" name="stage1" time="0.0">
    <ignored/>
  </testcase> <!-- stage1 -->
  <testcase classname="callcenter.AdditioanlInfoRequirement" name="stage2" time="0.0">
    <ignored/>
  </testcase> <!-- stage2 -->
  <testcase classname="callcenter.AdditioanlInfoRequirement" name="stage3" time="0.0">
    <ignored/>
  </testcase> <!-- stage3 -->
  <testcase classname="callcenter.AdditioanlInfoRequirement" name="individualCustomercreditCardCaseJourney" time="0.0">
    <ignored/>
  </testcase> <!-- individualCustomercreditCardCaseJourney -->
</testsuite> <!-- Default test(failed) -->
